<?xml version="1.0" encoding="UTF-8"?>
<!-- Generated by org.testng.reporters.JUnitReportReporter -->
<testsuite hostname="DESKTOP-JCJ8HOK" failures="0" tests="2" name="testcases.Sessions" time="0.086" errors="0" timestamp="2021-09-22T08:14:26 IST" skipped="0">
  <testcase classname="testcases.Sessions" name="doLogin" time="0.083"/>
  <system-out/>
  <testcase classname="testcases.Sessions" name="doLogin" time="0.003"/>
  <system-out/>
</testsuite> <!-- testcases.Sessions -->
