<?xml version="1.0" encoding="UTF-8"?>
<!-- Generated by org.testng.reporters.JUnitReportReporter -->
<testsuite hostname="DESKTOP-JCJ8HOK" failures="0" tests="2" name="testcases.PortfolioManagment" time="0.012" errors="0" timestamp="2021-09-22T08:14:26 IST" skipped="0">
  <testcase classname="testcases.PortfolioManagment" name="deletePortfolio" time="0.008"/>
  <system-out/>
  <testcase classname="testcases.PortfolioManagment" name="createPortfolio" time="0.004"/>
  <system-out/>
</testsuite> <!-- testcases.PortfolioManagment -->
